<?xml version="1.0" encoding="UTF-8"?>
<!-- Generated by org.testng.reporters.JUnitReportReporter -->
<testsuite hostname="Liza" name="net.XYX.SomeApp_BuildX.ScreencastLog" tests="1" failures="1" timestamp="11 Jan 2017 17:31:39 GMT" time="0.002" errors="0">
  <testcase name="LoginTest" time="0.002" classname="net.XYX.SomeApp_BuildX.ScreencastLog">
    <failure type="org.openqa.selenium.WebDriverException" message="Failed to connect to binary FirefoxBinary(C:\Program Files (x86)\Mozilla Firefox\firefox.exe) on port 7055; process output follows: 
Install&quot;:false,&quot;hasBinaryComponents&quot;:false,&quot;strictCompatibility&quot;:true,&quot;locales&quot;:[],&quot;targetApplications&quot;:[{&quot;id&quot;:&quot;{ec8030f7-c20a-464f-9b0e-13a3a9e97384}&quot;,&quot;minVersion&quot;:&quot;50.1.0&quot;,&quot;maxVersion&quot;:&quot;50.1.0&quot;}],&quot;targetPlatforms&quot;:[],&quot;seen&quot;:true}
1484155854123	addons.xpi	DEBUG	getModTime: Recursive scan of {972ce4c6-7e08-4474-a285-3208198ce6fd}
1484155854124	DeferredSave.extensions.json	DEBUG	Save changes
1484155854124	addons.xpi	DEBUG	Updating database with changes to installed add-ons
1484155854124	addons.xpi-utils	DEBUG	Updating add-on states
1484155854125	addons.xpi-utils	DEBUG	Writing add-ons list
1484155854133	addons.xpi	DEBUG	Registering manifest for C:\Program Files (x86)\Mozilla Firefox\browser\features\aushelper@mozilla.org.xpi
1484155854133	addons.xpi	DEBUG	Calling bootstrap method startup on aushelper@mozilla.org version 1.0
1484155854135	addons.xpi	DEBUG	Registering manifest for C:\Program Files (x86)\Mozilla Firefox\browser\features\e10srollout@mozilla.org.xpi
1484155854135	addons.xpi	DEBUG	Calling bootstrap method startup on e10srollout@mozilla.org version 1.5
1484155854136	addons.xpi	DEBUG	Registering manifest for C:\Program Files (x86)\Mozilla Firefox\browser\features\firefox@getpocket.com.xpi
1484155854137	addons.xpi	DEBUG	Calling bootstrap method startup on firefox@getpocket.com version 1.0.5
1484155854138	addons.xpi	DEBUG	Registering manifest for C:\Program Files (x86)\Mozilla Firefox\browser\features\webcompat@mozilla.org.xpi
1484155854138	addons.xpi	DEBUG	Calling bootstrap method startup on webcompat@mozilla.org version 1.0
1484155854140	addons.manager	DEBUG	Registering shutdown blocker for XPIProvider
1484155854141	addons.manager	DEBUG	Provider finished startup: XPIProvider
1484155854142	addons.manager	DEBUG	Starting provider: LightweightThemeManager
1484155854142	addons.manager	DEBUG	Registering shutdown blocker for LightweightThemeManager
1484155854142	addons.manager	DEBUG	Provider finished startup: LightweightThemeManager
1484155854143	addons.manager	DEBUG	Starting provider: GMPProvider
1484155854150	addons.manager	DEBUG	Registering shutdown blocker for GMPProvider
1484155854151	addons.manager	DEBUG	Provider finished startup: GMPProvider
1484155854151	addons.manager	DEBUG	Starting provider: PluginProvider
1484155854152	addons.manager	DEBUG	Registering shutdown blocker for PluginProvider
1484155854152	addons.manager	DEBUG	Provider finished startup: PluginProvider
1484155854152	addons.manager	DEBUG	Completed startup sequence
1484155856730	addons.manager	DEBUG	Starting provider: &lt;unnamed-provider&gt;
1484155856731	addons.manager	DEBUG	Registering shutdown blocker for &lt;unnamed-provider&gt;
1484155856731	addons.manager	DEBUG	Provider finished startup: &lt;unnamed-provider&gt;
1484155857483	DeferredSave.extensions.json	DEBUG	Write succeeded
1484155857483	addons.xpi-utils	DEBUG	XPI Database saved, setting schema version preference to 17
1484155857484	DeferredSave.extensions.json	DEBUG	Starting timer
1484155857506	DeferredSave.extensions.json	DEBUG	Starting write
1484155857510	addons.repository	DEBUG	No addons.json found.
1484155857510	DeferredSave.addons.json	DEBUG	Save changes
1484155857514	DeferredSave.addons.json	DEBUG	Starting timer
1484155858596	addons.manager	DEBUG	Starting provider: PreviousExperimentProvider
1484155858596	addons.manager	DEBUG	Registering shutdown blocker for PreviousExperimentProvider
1484155858597	addons.manager	DEBUG	Provider finished startup: PreviousExperimentProvider
1484155858600	DeferredSave.addons.json	DEBUG	Starting write
1484155858618	DeferredSave.extensions.json	DEBUG	Write succeeded
1484155858682	DeferredSave.addons.json	DEBUG	Write succeeded
1484155897391	addons.xpi	DEBUG	Calling bootstrap method shutdown on aushelper@mozilla.org version 1.0
1484155897392	addons.xpi	DEBUG	Calling bootstrap method shutdown on e10srollout@mozilla.org version 1.5
1484155897393	addons.xpi	DEBUG	Calling bootstrap method shutdown on firefox@getpocket.com version 1.0.5
1484155897394	addons.xpi	DEBUG	Calling bootstrap method shutdown on webcompat@mozilla.org version 1.0

Build info: version: &#039;2.47.1&#039;, revision: &#039;411b314&#039;, time: &#039;2015-07-30 03:03:16&#039;
System info: host: &#039;Liza&#039;, ip: &#039;192.168.2.14&#039;, os.name: &#039;Windows 10&#039;, os.arch: &#039;amd64&#039;, os.version: &#039;10.0&#039;, java.version: &#039;1.8.0_66&#039;
Driver info: driver.version: FirefoxDriver">
      <![CDATA[org.openqa.selenium.WebDriverException: Failed to connect to binary FirefoxBinary(C:\Program Files (x86)\Mozilla Firefox\firefox.exe) on port 7055; process output follows: 
Install":false,"hasBinaryComponents":false,"strictCompatibility":true,"locales":[],"targetApplications":[{"id":"{ec8030f7-c20a-464f-9b0e-13a3a9e97384}","minVersion":"50.1.0","maxVersion":"50.1.0"}],"targetPlatforms":[],"seen":true}
1484155854123	addons.xpi	DEBUG	getModTime: Recursive scan of {972ce4c6-7e08-4474-a285-3208198ce6fd}
1484155854124	DeferredSave.extensions.json	DEBUG	Save changes
1484155854124	addons.xpi	DEBUG	Updating database with changes to installed add-ons
1484155854124	addons.xpi-utils	DEBUG	Updating add-on states
1484155854125	addons.xpi-utils	DEBUG	Writing add-ons list
1484155854133	addons.xpi	DEBUG	Registering manifest for C:\Program Files (x86)\Mozilla Firefox\browser\features\aushelper@mozilla.org.xpi
1484155854133	addons.xpi	DEBUG	Calling bootstrap method startup on aushelper@mozilla.org version 1.0
1484155854135	addons.xpi	DEBUG	Registering manifest for C:\Program Files (x86)\Mozilla Firefox\browser\features\e10srollout@mozilla.org.xpi
1484155854135	addons.xpi	DEBUG	Calling bootstrap method startup on e10srollout@mozilla.org version 1.5
1484155854136	addons.xpi	DEBUG	Registering manifest for C:\Program Files (x86)\Mozilla Firefox\browser\features\firefox@getpocket.com.xpi
1484155854137	addons.xpi	DEBUG	Calling bootstrap method startup on firefox@getpocket.com version 1.0.5
1484155854138	addons.xpi	DEBUG	Registering manifest for C:\Program Files (x86)\Mozilla Firefox\browser\features\webcompat@mozilla.org.xpi
1484155854138	addons.xpi	DEBUG	Calling bootstrap method startup on webcompat@mozilla.org version 1.0
1484155854140	addons.manager	DEBUG	Registering shutdown blocker for XPIProvider
1484155854141	addons.manager	DEBUG	Provider finished startup: XPIProvider
1484155854142	addons.manager	DEBUG	Starting provider: LightweightThemeManager
1484155854142	addons.manager	DEBUG	Registering shutdown blocker for LightweightThemeManager
1484155854142	addons.manager	DEBUG	Provider finished startup: LightweightThemeManager
1484155854143	addons.manager	DEBUG	Starting provider: GMPProvider
1484155854150	addons.manager	DEBUG	Registering shutdown blocker for GMPProvider
1484155854151	addons.manager	DEBUG	Provider finished startup: GMPProvider
1484155854151	addons.manager	DEBUG	Starting provider: PluginProvider
1484155854152	addons.manager	DEBUG	Registering shutdown blocker for PluginProvider
1484155854152	addons.manager	DEBUG	Provider finished startup: PluginProvider
1484155854152	addons.manager	DEBUG	Completed startup sequence
1484155856730	addons.manager	DEBUG	Starting provider: <unnamed-provider>
1484155856731	addons.manager	DEBUG	Registering shutdown blocker for <unnamed-provider>
1484155856731	addons.manager	DEBUG	Provider finished startup: <unnamed-provider>
1484155857483	DeferredSave.extensions.json	DEBUG	Write succeeded
1484155857483	addons.xpi-utils	DEBUG	XPI Database saved, setting schema version preference to 17
1484155857484	DeferredSave.extensions.json	DEBUG	Starting timer
1484155857506	DeferredSave.extensions.json	DEBUG	Starting write
1484155857510	addons.repository	DEBUG	No addons.json found.
1484155857510	DeferredSave.addons.json	DEBUG	Save changes
1484155857514	DeferredSave.addons.json	DEBUG	Starting timer
1484155858596	addons.manager	DEBUG	Starting provider: PreviousExperimentProvider
1484155858596	addons.manager	DEBUG	Registering shutdown blocker for PreviousExperimentProvider
1484155858597	addons.manager	DEBUG	Provider finished startup: PreviousExperimentProvider
1484155858600	DeferredSave.addons.json	DEBUG	Starting write
1484155858618	DeferredSave.extensions.json	DEBUG	Write succeeded
1484155858682	DeferredSave.addons.json	DEBUG	Write succeeded
1484155897391	addons.xpi	DEBUG	Calling bootstrap method shutdown on aushelper@mozilla.org version 1.0
1484155897392	addons.xpi	DEBUG	Calling bootstrap method shutdown on e10srollout@mozilla.org version 1.5
1484155897393	addons.xpi	DEBUG	Calling bootstrap method shutdown on firefox@getpocket.com version 1.0.5
1484155897394	addons.xpi	DEBUG	Calling bootstrap method shutdown on webcompat@mozilla.org version 1.0

Build info: version: '2.47.1', revision: '411b314', time: '2015-07-30 03:03:16'
System info: host: 'Liza', ip: '192.168.2.14', os.name: 'Windows 10', os.arch: 'amd64', os.version: '10.0', java.version: '1.8.0_66'
Driver info: driver.version: FirefoxDriver
	at org.openqa.selenium.firefox.internal.NewProfileExtensionConnection.start(NewProfileExtensionConnection.java:134)
	at org.openqa.selenium.firefox.FirefoxDriver.startClient(FirefoxDriver.java:276)
	at org.openqa.selenium.remote.RemoteWebDriver.<init>(RemoteWebDriver.java:116)
	at org.openqa.selenium.firefox.FirefoxDriver.<init>(FirefoxDriver.java:223)
	at org.openqa.selenium.firefox.FirefoxDriver.<init>(FirefoxDriver.java:216)
	at org.openqa.selenium.firefox.FirefoxDriver.<init>(FirefoxDriver.java:212)
	at org.openqa.selenium.firefox.FirefoxDriver.<init>(FirefoxDriver.java:125)
	at net.XYX.SomeApp_BuildX.ScreencastLog.beforeMethod(ScreencastLog.java:29)
	at sun.reflect.NativeMethodAccessorImpl.invoke0(Native Method)
	at sun.reflect.NativeMethodAccessorImpl.invoke(Unknown Source)
	at sun.reflect.DelegatingMethodAccessorImpl.invoke(Unknown Source)
	at java.lang.reflect.Method.invoke(Unknown Source)
	at org.testng.internal.MethodInvocationHelper.invokeMethod(MethodInvocationHelper.java:84)
	at org.testng.internal.Invoker.invokeConfigurationMethod(Invoker.java:564)
	at org.testng.internal.Invoker.invokeConfigurations(Invoker.java:213)
	at org.testng.internal.Invoker.invokeMethod(Invoker.java:653)
	at org.testng.internal.Invoker.invokeTestMethod(Invoker.java:901)
	at org.testng.internal.Invoker.invokeTestMethods(Invoker.java:1231)
	at org.testng.internal.TestMethodWorker.invokeTestMethods(TestMethodWorker.java:127)
	at org.testng.internal.TestMethodWorker.run(TestMethodWorker.java:111)
	at org.testng.TestRunner.privateRun(TestRunner.java:767)
	at org.testng.TestRunner.run(TestRunner.java:617)
	at org.testng.SuiteRunner.runTest(SuiteRunner.java:334)
	at org.testng.SuiteRunner.runSequentially(SuiteRunner.java:329)
	at org.testng.SuiteRunner.privateRun(SuiteRunner.java:291)
	at org.testng.SuiteRunner.run(SuiteRunner.java:240)
	at org.testng.SuiteRunnerWorker.runSuite(SuiteRunnerWorker.java:52)
	at org.testng.SuiteRunnerWorker.run(SuiteRunnerWorker.java:86)
	at org.testng.TestNG.runSuitesSequentially(TestNG.java:1224)
	at org.testng.TestNG.runSuitesLocally(TestNG.java:1149)
	at org.testng.TestNG.run(TestNG.java:1057)
	at org.testng.remote.RemoteTestNG.run(RemoteTestNG.java:111)
	at org.testng.remote.RemoteTestNG.initAndRun(RemoteTestNG.java:204)
	at org.testng.remote.RemoteTestNG.main(RemoteTestNG.java:175)
Caused by: org.openqa.selenium.firefox.NotConnectedException: Unable to connect to host 127.0.0.1 on port 7055 after 45000 ms. Firefox console output:
Install":false,"hasBinaryComponents":false,"strictCompatibility":true,"locales":[],"targetApplications":[{"id":"{ec8030f7-c20a-464f-9b0e-13a3a9e97384}","minVersion":"50.1.0","maxVersion":"50.1.0"}],"targetPlatforms":[],"seen":true}
1484155854123	addons.xpi	DEBUG	getModTime: Recursive scan of {972ce4c6-7e08-4474-a285-3208198ce6fd}
1484155854124	DeferredSave.extensions.json	DEBUG	Save changes
1484155854124	addons.xpi	DEBUG	Updating database with changes to installed add-ons
1484155854124	addons.xpi-utils	DEBUG	Updating add-on states
1484155854125	addons.xpi-utils	DEBUG	Writing add-ons list
1484155854133	addons.xpi	DEBUG	Registering manifest for C:\Program Files (x86)\Mozilla Firefox\browser\features\aushelper@mozilla.org.xpi
1484155854133	addons.xpi	DEBUG	Calling bootstrap method startup on aushelper@mozilla.org version 1.0
1484155854135	addons.xpi	DEBUG	Registering manifest for C:\Program Files (x86)\Mozilla Firefox\browser\features\e10srollout@mozilla.org.xpi
1484155854135	addons.xpi	DEBUG	Calling bootstrap method startup on e10srollout@mozilla.org version 1.5
1484155854136	addons.xpi	DEBUG	Registering manifest for C:\Program Files (x86)\Mozilla Firefox\browser\features\firefox@getpocket.com.xpi
1484155854137	addons.xpi	DEBUG	Calling bootstrap method startup on firefox@getpocket.com version 1.0.5
1484155854138	addons.xpi	DEBUG	Registering manifest for C:\Program Files (x86)\Mozilla Firefox\browser\features\webcompat@mozilla.org.xpi
1484155854138	addons.xpi	DEBUG	Calling bootstrap method startup on webcompat@mozilla.org version 1.0
1484155854140	addons.manager	DEBUG	Registering shutdown blocker for XPIProvider
1484155854141	addons.manager	DEBUG	Provider finished startup: XPIProvider
1484155854142	addons.manager	DEBUG	Starting provider: LightweightThemeManager
1484155854142	addons.manager	DEBUG	Registering shutdown blocker for LightweightThemeManager
1484155854142	addons.manager	DEBUG	Provider finished startup: LightweightThemeManager
1484155854143	addons.manager	DEBUG	Starting provider: GMPProvider
1484155854150	addons.manager	DEBUG	Registering shutdown blocker for GMPProvider
1484155854151	addons.manager	DEBUG	Provider finished startup: GMPProvider
1484155854151	addons.manager	DEBUG	Starting provider: PluginProvider
1484155854152	addons.manager	DEBUG	Registering shutdown blocker for PluginProvider
1484155854152	addons.manager	DEBUG	Provider finished startup: PluginProvider
1484155854152	addons.manager	DEBUG	Completed startup sequence
1484155856730	addons.manager	DEBUG	Starting provider: <unnamed-provider>
1484155856731	addons.manager	DEBUG	Registering shutdown blocker for <unnamed-provider>
1484155856731	addons.manager	DEBUG	Provider finished startup: <unnamed-provider>
1484155857483	DeferredSave.extensions.json	DEBUG	Write succeeded
1484155857483	addons.xpi-utils	DEBUG	XPI Database saved, setting schema version preference to 17
1484155857484	DeferredSave.extensions.json	DEBUG	Starting timer
1484155857506	DeferredSave.extensions.json	DEBUG	Starting write
1484155857510	addons.repository	DEBUG	No addons.json found.
1484155857510	DeferredSave.addons.json	DEBUG	Save changes
1484155857514	DeferredSave.addons.json	DEBUG	Starting timer
1484155858596	addons.manager	DEBUG	Starting provider: PreviousExperimentProvider
1484155858596	addons.manager	DEBUG	Registering shutdown blocker for PreviousExperimentProvider
1484155858597	addons.manager	DEBUG	Provider finished startup: PreviousExperimentProvider
1484155858600	DeferredSave.addons.json	DEBUG	Starting write
1484155858618	DeferredSave.extensions.json	DEBUG	Write succeeded
1484155858682	DeferredSave.addons.json	DEBUG	Write succeeded
1484155897391	addons.xpi	DEBUG	Calling bootstrap method shutdown on aushelper@mozilla.org version 1.0
1484155897392	addons.xpi	DEBUG	Calling bootstrap method shutdown on e10srollout@mozilla.org version 1.5
1484155897393	addons.xpi	DEBUG	Calling bootstrap method shutdown on firefox@getpocket.com version 1.0.5
1484155897394	addons.xpi	DEBUG	Calling bootstrap method shutdown on webcompat@mozilla.org version 1.0

	at org.openqa.selenium.firefox.internal.NewProfileExtensionConnection.start(NewProfileExtensionConnection.java:122)
	... 33 more
]]>
    </failure>
  </testcase> <!-- LoginTest -->
</testsuite> <!-- net.XYX.SomeApp_BuildX.ScreencastLog -->
