<?xml version="1.0" encoding="UTF-8"?>
<!-- Generated by org.testng.reporters.JUnitReportReporter -->
<testsuite hostname="Liza" name="net.XYX.SomeApp_BuildX.ArloCamera" tests="1" failures="0" timestamp="16 Jan 2017 17:34:04 GMT" time="212.122" errors="0">
  <testcase name="arlo" time="212.122" classname="net.XYX.SomeApp_BuildX.ArloCamera"/>
</testsuite> <!-- net.XYX.SomeApp_BuildX.ArloCamera -->
