<?xml version="1.0" encoding="UTF-8"?>
<!-- Generated by org.testng.reporters.JUnitReportReporter -->
<testsuite hostname="Liza" name="net.XYX.SomeApp_BuildX.ArloCamera" tests="1" failures="0" timestamp="17 Jan 2017 04:53:41 GMT" time="183.892" errors="0">
  <testcase name="arlo" time="183.892" classname="net.XYX.SomeApp_BuildX.ArloCamera"/>
</testsuite> <!-- net.XYX.SomeApp_BuildX.ArloCamera -->
